c:\users\karim72\desktop\railwayreservation\railwayreservation\railwayreservation\debug\vc140.pdb
c:\users\karim72\desktop\railwayreservation\railwayreservation\railwayreservation\debug\viewrequests.obj
c:\users\karim72\desktop\railwayreservation\railwayreservation\railwayreservation\debug\trainclass.obj
c:\users\karim72\desktop\railwayreservation\railwayreservation\railwayreservation\debug\requestclass.obj
c:\users\karim72\desktop\railwayreservation\railwayreservation\railwayreservation\debug\passengerform.obj
c:\users\karim72\desktop\railwayreservation\railwayreservation\railwayreservation\debug\passengerclass.obj
c:\users\karim72\desktop\railwayreservation\railwayreservation\railwayreservation\debug\myform.obj
c:\users\karim72\desktop\railwayreservation\railwayreservation\railwayreservation\debug\loginform.obj
c:\users\karim72\desktop\railwayreservation\railwayreservation\railwayreservation\debug\login.obj
c:\users\karim72\desktop\railwayreservation\railwayreservation\railwayreservation\debug\files.obj
c:\users\karim72\desktop\railwayreservation\railwayreservation\railwayreservation\debug\editpassenger.obj
c:\users\karim72\desktop\railwayreservation\railwayreservation\railwayreservation\debug\displaytrains.obj
c:\users\karim72\desktop\railwayreservation\railwayreservation\railwayreservation\debug\displaypassengers.obj
c:\users\karim72\desktop\railwayreservation\railwayreservation\railwayreservation\debug\adminclass.obj
c:\users\karim72\desktop\railwayreservation\railwayreservation\railwayreservation\debug\addtrains.obj
c:\users\karim72\desktop\railwayreservation\railwayreservation\railwayreservation\debug\.netframework,version=v4.6.1.assemblyattributes.obj
c:\users\karim72\desktop\railwayreservation\railwayreservation\railwayreservation\debug\.netframework,version=v4.6.1.assemblyattributes.asm
c:\users\karim72\desktop\railwayreservation\railwayreservation\debug\railwayreservation.exe
c:\users\karim72\desktop\railwayreservation\railwayreservation\debug\railwayreservation.pdb
c:\users\karim72\desktop\railwayreservation\railwayreservation\railwayreservation\debug\railwayreservation.addtrains.resources
c:\users\karim72\desktop\railwayreservation\railwayreservation\railwayreservation\debug\railwayreservation.displaypassengers.resources
c:\users\karim72\desktop\railwayreservation\railwayreservation\railwayreservation\debug\railwayreservation.displaytrains.resources
c:\users\karim72\desktop\railwayreservation\railwayreservation\railwayreservation\debug\railwayreservation.editpassenger.resources
c:\users\karim72\desktop\railwayreservation\railwayreservation\railwayreservation\debug\railwayreservation.loginform.resources
c:\users\karim72\desktop\railwayreservation\railwayreservation\railwayreservation\debug\railwayreservation.myform.resources
c:\users\karim72\desktop\railwayreservation\railwayreservation\railwayreservation\debug\railwayreservation.passengerform.resources
c:\users\karim72\desktop\railwayreservation\railwayreservation\railwayreservation\debug\railwayreservation.viewrequests.resources
c:\users\karim72\desktop\railwayreservation\railwayreservation\railwayreservation\debug\railwayreservation.vcxproj.generateresource.cache
c:\users\karim72\desktop\railwayreservation\railwayreservation\railwayreservation\debug\railwayr.8c73cfae.tlog\cl.command.1.tlog
c:\users\karim72\desktop\railwayreservation\railwayreservation\railwayreservation\debug\railwayr.8c73cfae.tlog\cl.read.1.tlog
c:\users\karim72\desktop\railwayreservation\railwayreservation\railwayreservation\debug\railwayr.8c73cfae.tlog\cl.write.1.tlog
c:\users\karim72\desktop\railwayreservation\railwayreservation\railwayreservation\debug\railwayr.8c73cfae.tlog\link.command.1.tlog
c:\users\karim72\desktop\railwayreservation\railwayreservation\railwayreservation\debug\railwayr.8c73cfae.tlog\link.read.1.tlog
c:\users\karim72\desktop\railwayreservation\railwayreservation\railwayreservation\debug\railwayr.8c73cfae.tlog\link.write.1.tlog
c:\users\karim72\desktop\railwayreservation\railwayreservation\railwayreservation\debug\railwayr.8c73cfae.tlog\metagen.read.1.tlog
c:\users\karim72\desktop\railwayreservation\railwayreservation\railwayreservation\debug\railwayr.8c73cfae.tlog\metagen.write.1.tlog
c:\users\karim72\desktop\railwayreservation\railwayreservation\railwayreservation\debug\railwayr.8c73cfae.tlog\railwayreservation.write.1u.tlog
c:\users\karim72\desktop\railwayreservation\railwayreservation\railwayreservation\debug\railwayr.8c73cfae.tlog\tzres.dll.bi
